[01-Oct-2018 20:33:55 Europe/Berlin] PHP Warning:  PHP Startup: Unable to load dynamic library 'php_pdo_odbc.dll' (tried: /usr/lib/php/20170718/php_pdo_odbc.dll (/usr/lib/php/20170718/php_pdo_odbc.dll: cannot open shared object file: No such file or directory), /usr/lib/php/20170718/php_pdo_odbc.dll.so (/usr/lib/php/20170718/php_pdo_odbc.dll.so: cannot open shared object file: No such file or directory)) in Unknown on line 0
[01-Oct-2018 20:33:55 Europe/Berlin] PHP Warning:  PHP Startup: Unable to load dynamic library 'php_pdo_sqlite.dll' (tried: /usr/lib/php/20170718/php_pdo_sqlite.dll (/usr/lib/php/20170718/php_pdo_sqlite.dll: cannot open shared object file: No such file or directory), /usr/lib/php/20170718/php_pdo_sqlite.dll.so (/usr/lib/php/20170718/php_pdo_sqlite.dll.so: cannot open shared object file: No such file or directory)) in Unknown on line 0
[01-Oct-2018 20:44:06 Europe/Berlin] PHP Warning:  PHP Startup: Unable to load dynamic library 'php_pdo_odbc.dll' (tried: /usr/lib/php/20170718/php_pdo_odbc.dll (/usr/lib/php/20170718/php_pdo_odbc.dll: cannot open shared object file: No such file or directory), /usr/lib/php/20170718/php_pdo_odbc.dll.so (/usr/lib/php/20170718/php_pdo_odbc.dll.so: cannot open shared object file: No such file or directory)) in Unknown on line 0
[01-Oct-2018 20:44:06 Europe/Berlin] PHP Warning:  PHP Startup: Unable to load dynamic library 'php_pdo_sqlite.dll' (tried: /usr/lib/php/20170718/php_pdo_sqlite.dll (/usr/lib/php/20170718/php_pdo_sqlite.dll: cannot open shared object file: No such file or directory), /usr/lib/php/20170718/php_pdo_sqlite.dll.so (/usr/lib/php/20170718/php_pdo_sqlite.dll.so: cannot open shared object file: No such file or directory)) in Unknown on line 0
[02-Oct-2018 23:06:54 Europe/Berlin] PHP Warning:  PHP Startup: Unable to load dynamic library 'php_pdo_odbc.dll' (tried: /usr/lib/php/20170718/php_pdo_odbc.dll (/usr/lib/php/20170718/php_pdo_odbc.dll: cannot open shared object file: No such file or directory), /usr/lib/php/20170718/php_pdo_odbc.dll.so (/usr/lib/php/20170718/php_pdo_odbc.dll.so: cannot open shared object file: No such file or directory)) in Unknown on line 0
[02-Oct-2018 23:06:54 Europe/Berlin] PHP Warning:  PHP Startup: Unable to load dynamic library 'php_pdo_sqlite.dll' (tried: /usr/lib/php/20170718/php_pdo_sqlite.dll (/usr/lib/php/20170718/php_pdo_sqlite.dll: cannot open shared object file: No such file or directory), /usr/lib/php/20170718/php_pdo_sqlite.dll.so (/usr/lib/php/20170718/php_pdo_sqlite.dll.so: cannot open shared object file: No such file or directory)) in Unknown on line 0
[13-Oct-2018 17:41:49 Europe/Berlin] PHP Warning:  PHP Startup: Unable to load dynamic library 'php_pdo_odbc.dll' (tried: /usr/lib/php/20170718/php_pdo_odbc.dll (/usr/lib/php/20170718/php_pdo_odbc.dll: cannot open shared object file: No such file or directory), /usr/lib/php/20170718/php_pdo_odbc.dll.so (/usr/lib/php/20170718/php_pdo_odbc.dll.so: cannot open shared object file: No such file or directory)) in Unknown on line 0
[13-Oct-2018 17:41:49 Europe/Berlin] PHP Warning:  PHP Startup: Unable to load dynamic library 'php_pdo_sqlite.dll' (tried: /usr/lib/php/20170718/php_pdo_sqlite.dll (/usr/lib/php/20170718/php_pdo_sqlite.dll: cannot open shared object file: No such file or directory), /usr/lib/php/20170718/php_pdo_sqlite.dll.so (/usr/lib/php/20170718/php_pdo_sqlite.dll.so: cannot open shared object file: No such file or directory)) in Unknown on line 0
[13-Oct-2018 17:44:39 Europe/Prague] PHP Fatal error:  Uncaught Error: Class 'DateCzech\DateCzech' not found in /var/www/html/dateczech/index.php:5
Stack trace:
#0 {main}
  thrown in /var/www/html/dateczech/index.php on line 5
[13-Oct-2018 17:44:40 Europe/Prague] PHP Fatal error:  Uncaught Error: Class 'DateCzech\DateCzech' not found in /var/www/html/dateczech/index.php:5
Stack trace:
#0 {main}
  thrown in /var/www/html/dateczech/index.php on line 5
[13-Oct-2018 17:44:45 Europe/Prague] PHP Fatal error:  Uncaught Error: Class 'DateCzech\DateCzech' not found in /var/www/html/dateczech/index.php:5
Stack trace:
#0 {main}
  thrown in /var/www/html/dateczech/index.php on line 5
[13-Oct-2018 17:45:04 Europe/Prague] PHP Fatal error:  Uncaught Error: Class 'DateCzech\DateCzech' not found in /var/www/html/dateczech/index.php:5
Stack trace:
#0 {main}
  thrown in /var/www/html/dateczech/index.php on line 5
[13-Oct-2018 17:45:12 Europe/Prague] PHP Fatal error:  Uncaught Error: Class 'DateCzech\DateCzech' not found in /var/www/html/dateczech/index.php:5
Stack trace:
#0 {main}
  thrown in /var/www/html/dateczech/index.php on line 5
[13-Oct-2018 17:45:13 Europe/Prague] PHP Fatal error:  Uncaught Error: Class 'DateCzech\DateCzech' not found in /var/www/html/dateczech/index.php:5
Stack trace:
#0 {main}
  thrown in /var/www/html/dateczech/index.php on line 5
[13-Oct-2018 17:45:58 Europe/Prague] PHP Fatal error:  Uncaught Error: Class 'DateCzech\DateCzech' not found in /var/www/html/dateczech/index.php:7
Stack trace:
#0 {main}
  thrown in /var/www/html/dateczech/index.php on line 7
[13-Oct-2018 17:46:15 Europe/Prague] PHP Fatal error:  Uncaught Error: Class 'DateCzech\DateCzech' not found in /var/www/html/dateczech/index.php:8
Stack trace:
#0 {main}
  thrown in /var/www/html/dateczech/index.php on line 8
[13-Oct-2018 17:46:26 Europe/Prague] PHP Fatal error:  Uncaught Error: Class 'DateCzech\DateCzech' not found in /var/www/html/dateczech/index.php:8
Stack trace:
#0 {main}
  thrown in /var/www/html/dateczech/index.php on line 8
[13-Oct-2018 17:46:33 Europe/Prague] PHP Fatal error:  Uncaught Error: Class 'DateCzech\DateCzech' not found in /var/www/html/dateczech/index.php:8
Stack trace:
#0 {main}
  thrown in /var/www/html/dateczech/index.php on line 8
[13-Oct-2018 17:46:38 Europe/Prague] PHP Fatal error:  Uncaught Error: Class 'DateCzech\DateCzech' not found in /var/www/html/dateczech/index.php:8
Stack trace:
#0 {main}
  thrown in /var/www/html/dateczech/index.php on line 8
[13-Oct-2018 17:47:15 Europe/Prague] PHP Fatal error:  Uncaught Error: Class 'DateCzech\DateCzech' not found in /var/www/html/dateczech/index.php:8
Stack trace:
#0 {main}
  thrown in /var/www/html/dateczech/index.php on line 8
[13-Oct-2018 17:47:16 Europe/Prague] PHP Fatal error:  Uncaught Error: Class 'DateCzech\DateCzech' not found in /var/www/html/dateczech/index.php:8
Stack trace:
#0 {main}
  thrown in /var/www/html/dateczech/index.php on line 8
[13-Oct-2018 17:47:16 Europe/Prague] PHP Fatal error:  Uncaught Error: Class 'DateCzech\DateCzech' not found in /var/www/html/dateczech/index.php:8
Stack trace:
#0 {main}
  thrown in /var/www/html/dateczech/index.php on line 8
[13-Oct-2018 17:52:38 Europe/Prague] PHP Fatal error:  Uncaught Exception: DateTime::__construct(): Failed to parse time string (663721200) at position 7 (0): Unexpected character in /var/www/html/dateczech/src/DateCzech.php:40
Stack trace:
#0 /var/www/html/dateczech/src/DateCzech.php(40): DateTime->__construct('663721200')
#1 /var/www/html/dateczech/src/DateCzech.php(32): DateCzech\DateCzech::doDatetimeFromString(663721200)
#2 /var/www/html/dateczech/index.php(14): DateCzech\DateCzech::getMonthName(663721200)
#3 {main}
  thrown in /var/www/html/dateczech/src/DateCzech.php on line 40
[13-Oct-2018 17:55:41 Europe/Prague] PHP Parse error:  syntax error, unexpected '}', expecting variable (T_VARIABLE) or '{' or '$' in /var/www/html/dateczech/src/DateCzech.php on line 41
[13-Oct-2018 18:02:16 Europe/Prague] PHP Fatal error:  Uncaught Error: Maximum function nesting level of '256' reached, aborting! in /var/www/html/dateczech/src/DateCzech.php:68
Stack trace:
#0 /var/www/html/dateczech/src/DateCzech.php(68): is_a(Object(DateTime), 'DateTime')
#1 /var/www/html/dateczech/src/DateCzech.php(60): DateCzech\DateCzech::doDatetimeFromString(Object(DateTime))
#2 /var/www/html/dateczech/src/DateCzech.php(61): DateCzech\DateCzech::getDateVerbose(Object(DateTime), 1)
#3 /var/www/html/dateczech/src/DateCzech.php(61): DateCzech\DateCzech::getDateVerbose(Object(DateTime), 1)
#4 /var/www/html/dateczech/src/DateCzech.php(61): DateCzech\DateCzech::getDateVerbose(Object(DateTime), 1)
#5 /var/www/html/dateczech/src/DateCzech.php(61): DateCzech\DateCzech::getDateVerbose(Object(DateTime), 1)
#6 /var/www/html/dateczech/src/DateCzech.php(61): DateCzech\DateCzech::getDateVerbose(Object(DateTime), 1)
#7 /var/www/html/dateczech/src/DateCzech.php(61): DateCzech\DateCzech::getDateVerbose(Object(DateTime), 1)
#8 /var/www/html/dateczech/src/DateCzech.php(61): D in /var/www/html/dateczech/src/DateCzech.php on line 68
[13-Oct-2018 18:09:41 Europe/Prague] PHP Notice:  Undefined variable: nameFormat in /var/www/html/dateczech/src/DateCzech.php on line 88
[13-Oct-2018 18:09:41 Europe/Prague] PHP Stack trace:
[13-Oct-2018 18:09:41 Europe/Prague] PHP   1. {main}() /var/www/html/dateczech/index.php:0
[13-Oct-2018 18:09:41 Europe/Prague] PHP   2. DateCzech\DateCzech::getDateVerbose() /var/www/html/dateczech/index.php:10
[13-Oct-2018 18:09:41 Europe/Prague] PHP Warning:  preg_replace() expects at least 3 parameters, 2 given in /var/www/html/dateczech/src/DateCzech.php on line 90
[13-Oct-2018 18:09:41 Europe/Prague] PHP Stack trace:
[13-Oct-2018 18:09:41 Europe/Prague] PHP   1. {main}() /var/www/html/dateczech/index.php:0
[13-Oct-2018 18:09:41 Europe/Prague] PHP   2. DateCzech\DateCzech::getDateVerbose() /var/www/html/dateczech/index.php:10
[13-Oct-2018 18:09:41 Europe/Prague] PHP   3. preg_replace() /var/www/html/dateczech/src/DateCzech.php:90
[13-Oct-2018 18:10:19 Europe/Prague] PHP Warning:  preg_replace() expects at least 3 parameters, 2 given in /var/www/html/dateczech/src/DateCzech.php on line 89
[13-Oct-2018 18:10:19 Europe/Prague] PHP Stack trace:
[13-Oct-2018 18:10:19 Europe/Prague] PHP   1. {main}() /var/www/html/dateczech/index.php:0
[13-Oct-2018 18:10:19 Europe/Prague] PHP   2. DateCzech\DateCzech::getDateVerbose() /var/www/html/dateczech/index.php:10
[13-Oct-2018 18:10:19 Europe/Prague] PHP   3. preg_replace() /var/www/html/dateczech/src/DateCzech.php:89
[13-Oct-2018 18:10:20 Europe/Prague] PHP Warning:  preg_replace() expects at least 3 parameters, 2 given in /var/www/html/dateczech/src/DateCzech.php on line 89
[13-Oct-2018 18:10:20 Europe/Prague] PHP Stack trace:
[13-Oct-2018 18:10:21 Europe/Prague] PHP   1. {main}() /var/www/html/dateczech/index.php:0
[13-Oct-2018 18:10:21 Europe/Prague] PHP   2. DateCzech\DateCzech::getDateVerbose() /var/www/html/dateczech/index.php:10
[13-Oct-2018 18:10:21 Europe/Prague] PHP   3. preg_replace() /var/www/html/dateczech/src/DateCzech.php:89
[13-Oct-2018 18:15:11 Europe/Prague] PHP Deprecated:  Non-static method DateCzech\DateCzech::getEscapedString() should not be called statically in /var/www/html/dateczech/src/DateCzech.php on line 93
[13-Oct-2018 18:15:11 Europe/Prague] PHP Stack trace:
[13-Oct-2018 18:15:11 Europe/Prague] PHP   1. {main}() /var/www/html/dateczech/index.php:0
[13-Oct-2018 18:15:11 Europe/Prague] PHP   2. DateCzech\DateCzech::getDateVerbose() /var/www/html/dateczech/index.php:10
[13-Oct-2018 18:15:11 Europe/Prague] PHP Fatal error:  Uncaught ArgumentCountError: Too few arguments to function DateCzech\DateCzech::getEscapedString(), 0 passed in /var/www/html/dateczech/src/DateCzech.php on line 93 and exactly 1 expected in /var/www/html/dateczech/src/DateCzech.php:85
Stack trace:
#0 /var/www/html/dateczech/src/DateCzech.php(93): DateCzech\DateCzech::getEscapedString()
#1 /var/www/html/dateczech/index.php(10): DateCzech\DateCzech::getDateVerbose(Object(DateTime), 'j. M. Y')
#2 {main}
  thrown in /var/www/html/dateczech/src/DateCzech.php on line 85
[13-Oct-2018 18:15:18 Europe/Prague] PHP Fatal error:  Uncaught ArgumentCountError: Too few arguments to function DateCzech\DateCzech::getEscapedString(), 0 passed in /var/www/html/dateczech/src/DateCzech.php on line 93 and exactly 1 expected in /var/www/html/dateczech/src/DateCzech.php:85
Stack trace:
#0 /var/www/html/dateczech/src/DateCzech.php(93): DateCzech\DateCzech::getEscapedString()
#1 /var/www/html/dateczech/index.php(10): DateCzech\DateCzech::getDateVerbose(Object(DateTime), 'j. M. Y')
#2 {main}
  thrown in /var/www/html/dateczech/src/DateCzech.php on line 85
[13-Oct-2018 18:15:19 Europe/Prague] PHP Fatal error:  Uncaught ArgumentCountError: Too few arguments to function DateCzech\DateCzech::getEscapedString(), 0 passed in /var/www/html/dateczech/src/DateCzech.php on line 93 and exactly 1 expected in /var/www/html/dateczech/src/DateCzech.php:85
Stack trace:
#0 /var/www/html/dateczech/src/DateCzech.php(93): DateCzech\DateCzech::getEscapedString()
#1 /var/www/html/dateczech/index.php(10): DateCzech\DateCzech::getDateVerbose(Object(DateTime), 'j. M. Y')
#2 {main}
  thrown in /var/www/html/dateczech/src/DateCzech.php on line 85
[13-Oct-2018 18:18:46 Europe/Prague] PHP Parse error:  syntax error, unexpected '\' (T_NS_SEPARATOR), expecting ';' in /var/www/html/dateczech/src/DateCzech.php on line 87
[13-Oct-2018 20:12:58 Europe/Prague] PHP Parse error:  syntax error, unexpected '}', expecting ';' in /var/www/html/dateczech/src/DateCzech.php on line 73
[14-Oct-2018 02:22:43 Europe/Berlin] PHP Warning:  PHP Startup: Unable to load dynamic library 'php_pdo_odbc.dll' (tried: /usr/lib/php/20170718/php_pdo_odbc.dll (/usr/lib/php/20170718/php_pdo_odbc.dll: cannot open shared object file: No such file or directory), /usr/lib/php/20170718/php_pdo_odbc.dll.so (/usr/lib/php/20170718/php_pdo_odbc.dll.so: cannot open shared object file: No such file or directory)) in Unknown on line 0
[14-Oct-2018 02:22:43 Europe/Berlin] PHP Warning:  PHP Startup: Unable to load dynamic library 'php_pdo_sqlite.dll' (tried: /usr/lib/php/20170718/php_pdo_sqlite.dll (/usr/lib/php/20170718/php_pdo_sqlite.dll: cannot open shared object file: No such file or directory), /usr/lib/php/20170718/php_pdo_sqlite.dll.so (/usr/lib/php/20170718/php_pdo_sqlite.dll.so: cannot open shared object file: No such file or directory)) in Unknown on line 0
[14-Oct-2018 02:48:15 Europe/Prague] PHP Fatal error:  Uncaught Error: Call to a member function format() on string in /var/www/html/dateczech/src/DateCzech.php:161
Stack trace:
#0 /var/www/html/dateczech/index.php(13): DateCzech\DateCzech::getPublicHoliday('2018-01-01')
#1 {main}
  thrown in /var/www/html/dateczech/src/DateCzech.php on line 161
[17-Oct-2018 22:07:10 Europe/Berlin] PHP Warning:  PHP Startup: Unable to load dynamic library 'php_pdo_odbc.dll' (tried: /usr/lib/php/20170718/php_pdo_odbc.dll (/usr/lib/php/20170718/php_pdo_odbc.dll: cannot open shared object file: No such file or directory), /usr/lib/php/20170718/php_pdo_odbc.dll.so (/usr/lib/php/20170718/php_pdo_odbc.dll.so: cannot open shared object file: No such file or directory)) in Unknown on line 0
[17-Oct-2018 22:07:11 Europe/Berlin] PHP Warning:  PHP Startup: Unable to load dynamic library 'php_pdo_sqlite.dll' (tried: /usr/lib/php/20170718/php_pdo_sqlite.dll (/usr/lib/php/20170718/php_pdo_sqlite.dll: cannot open shared object file: No such file or directory), /usr/lib/php/20170718/php_pdo_sqlite.dll.so (/usr/lib/php/20170718/php_pdo_sqlite.dll.so: cannot open shared object file: No such file or directory)) in Unknown on line 0
[17-Oct-2018 22:10:47 Europe/Berlin] PHP Warning:  PHP Startup: Unable to load dynamic library 'php_pdo_odbc.dll' (tried: /usr/lib/php/20170718/php_pdo_odbc.dll (/usr/lib/php/20170718/php_pdo_odbc.dll: cannot open shared object file: No such file or directory), /usr/lib/php/20170718/php_pdo_odbc.dll.so (/usr/lib/php/20170718/php_pdo_odbc.dll.so: cannot open shared object file: No such file or directory)) in Unknown on line 0
[17-Oct-2018 22:10:47 Europe/Berlin] PHP Warning:  PHP Startup: Unable to load dynamic library 'php_pdo_sqlite.dll' (tried: /usr/lib/php/20170718/php_pdo_sqlite.dll (/usr/lib/php/20170718/php_pdo_sqlite.dll: cannot open shared object file: No such file or directory), /usr/lib/php/20170718/php_pdo_sqlite.dll.so (/usr/lib/php/20170718/php_pdo_sqlite.dll.so: cannot open shared object file: No such file or directory)) in Unknown on line 0
[17-Oct-2018 22:21:11 Europe/Berlin] PHP Warning:  PHP Startup: Unable to load dynamic library 'php_pdo_odbc.dll' (tried: /usr/lib/php/20170718/php_pdo_odbc.dll (/usr/lib/php/20170718/php_pdo_odbc.dll: cannot open shared object file: No such file or directory), /usr/lib/php/20170718/php_pdo_odbc.dll.so (/usr/lib/php/20170718/php_pdo_odbc.dll.so: cannot open shared object file: No such file or directory)) in Unknown on line 0
[17-Oct-2018 22:21:11 Europe/Berlin] PHP Warning:  PHP Startup: Unable to load dynamic library 'php_pdo_sqlite.dll' (tried: /usr/lib/php/20170718/php_pdo_sqlite.dll (/usr/lib/php/20170718/php_pdo_sqlite.dll: cannot open shared object file: No such file or directory), /usr/lib/php/20170718/php_pdo_sqlite.dll.so (/usr/lib/php/20170718/php_pdo_sqlite.dll.so: cannot open shared object file: No such file or directory)) in Unknown on line 0
